Thu Apr  7 15:11:09 UTC 2022: 
 hashmap.c | 10 ++++++++--
 1 file changed, 8 insertions(+), 2 deletions(-)
 tests:  1|6
total_score: 10/70
ce3f428
Thu Apr  7 15:21:38 UTC 2022: 
 hashmap.c | 13 +++++++++++--
 1 file changed, 11 insertions(+), 2 deletions(-)
In file included from test.c:4:0:
hashmap.c: In function ‘createMap’:
hashmap.c:61:59: error: expected ‘)’ before ‘;’ token
     HashMap * newMap = (HashMap *) malloc (sizeof(HashMap);
                                                           ^
hashmap.c:72:1: error: expected ‘,’ or ‘;’ before ‘}’ token
 }
 ^
test.c:453:5: error: ‘main’ is normally a non-static function [-Werror=main]
 int main( int argc, char *argv[] ) {
     ^~~~
test.c:511:1: error: expected declaration or statement at end of input
 }
 ^
In file included from test.c:4:0:
hashmap.c:61:15: error: unused variable ‘newMap’ [-Werror=unused-variable]
     HashMap * newMap = (HashMap *) malloc (sizeof(HashMap);
               ^~~~~~
test.c:511:1: error: control reaches end of non-void function [-Werror=return-type]
 }
 ^
At top level:
test.c:453:5: error: ‘main’ defined but not used [-Werror=unused-function]
 int main( int argc, char *argv[] ) {
     ^~~~
test.c:217:5: error: ‘insert_test5’ defined but not used [-Werror=unused-function]
 int insert_test5(){ //factor de carga>0.7, se llama a función enlarge
     ^~~~~~~~~~~~
test.c:131:6: error: ‘compare_test’ defined but not used [-Werror=unused-function]
 void compare_test(){
      ^~~~~~~~~~~~
test.c:125:6: error: ‘hash_test3’ defined but not used [-Werror=unused-function]
 void hash_test3(){ //no random
      ^~~~~~~~~~
test.c:111:6: error: ‘hash_test2’ defined but not used [-Werror=unused-function]
 void hash_test2(){ // colisiones
      ^~~~~~~~~~
test.c:100:6: error: ‘hash_test1’ defined but not used [-Werror=unused-function]
 void hash_test1(){ // posición válida
      ^~~~~~~~~~
cc1: all warnings being treated as errors
Compilation failed
7aa00e1
Thu Apr  7 15:23:15 UTC 2022: 
 hashmap.c | 2 +-
 1 file changed, 1 insertion(+), 1 deletion(-)
In file included from test.c:4:0:
hashmap.c: In function ‘createMap’:
hashmap.c:61:59: error: expected ‘)’ before ‘;’ token
     HashMap * newMap = (HashMap *) malloc (sizeof(HashMap);
                                                           ^
hashmap.c:72:1: error: expected ‘,’ or ‘;’ before ‘}’ token
 }
 ^
test.c:453:5: error: ‘main’ is normally a non-static function [-Werror=main]
 int main( int argc, char *argv[] ) {
     ^~~~
test.c:511:1: error: expected declaration or statement at end of input
 }
 ^
In file included from test.c:4:0:
hashmap.c:61:15: error: unused variable ‘newMap’ [-Werror=unused-variable]
     HashMap * newMap = (HashMap *) malloc (sizeof(HashMap);
               ^~~~~~
test.c:511:1: error: control reaches end of non-void function [-Werror=return-type]
 }
 ^
At top level:
test.c:453:5: error: ‘main’ defined but not used [-Werror=unused-function]
 int main( int argc, char *argv[] ) {
     ^~~~
test.c:217:5: error: ‘insert_test5’ defined but not used [-Werror=unused-function]
 int insert_test5(){ //factor de carga>0.7, se llama a función enlarge
     ^~~~~~~~~~~~
test.c:131:6: error: ‘compare_test’ defined but not used [-Werror=unused-function]
 void compare_test(){
      ^~~~~~~~~~~~
test.c:125:6: error: ‘hash_test3’ defined but not used [-Werror=unused-function]
 void hash_test3(){ //no random
      ^~~~~~~~~~
test.c:111:6: error: ‘hash_test2’ defined but not used [-Werror=unused-function]
 void hash_test2(){ // colisiones
      ^~~~~~~~~~
test.c:100:6: error: ‘hash_test1’ defined but not used [-Werror=unused-function]
 void hash_test1(){ // posición válida
      ^~~~~~~~~~
cc1: all warnings being treated as errors
Compilation failed
0b9da99
Thu Apr  7 15:29:17 UTC 2022: 
 hashmap.c | 4 ++--
 1 file changed, 2 insertions(+), 2 deletions(-)
In file included from test.c:4:0:
hashmap.c: In function ‘createMap’:
hashmap.c:61:59: error: expected ‘)’ before ‘;’ token
     HashMap * newMap = (HashMap *) malloc (sizeof(HashMap);
                                                           ^
hashmap.c:72:1: error: expected ‘,’ or ‘;’ before ‘}’ token
 }
 ^
test.c:453:5: error: ‘main’ is normally a non-static function [-Werror=main]
 int main( int argc, char *argv[] ) {
     ^~~~
test.c:511:1: error: expected declaration or statement at end of input
 }
 ^
In file included from test.c:4:0:
hashmap.c:61:15: error: unused variable ‘newMap’ [-Werror=unused-variable]
     HashMap * newMap = (HashMap *) malloc (sizeof(HashMap);
               ^~~~~~
test.c:511:1: error: control reaches end of non-void function [-Werror=return-type]
 }
 ^
At top level:
test.c:453:5: error: ‘main’ defined but not used [-Werror=unused-function]
 int main( int argc, char *argv[] ) {
     ^~~~
test.c:217:5: error: ‘insert_test5’ defined but not used [-Werror=unused-function]
 int insert_test5(){ //factor de carga>0.7, se llama a función enlarge
     ^~~~~~~~~~~~
test.c:131:6: error: ‘compare_test’ defined but not used [-Werror=unused-function]
 void compare_test(){
      ^~~~~~~~~~~~
test.c:125:6: error: ‘hash_test3’ defined but not used [-Werror=unused-function]
 void hash_test3(){ //no random
      ^~~~~~~~~~
test.c:111:6: error: ‘hash_test2’ defined but not used [-Werror=unused-function]
 void hash_test2(){ // colisiones
      ^~~~~~~~~~
test.c:100:6: error: ‘hash_test1’ defined but not used [-Werror=unused-function]
 void hash_test1(){ // posición válida
      ^~~~~~~~~~
cc1: all warnings being treated as errors
Compilation failed
6816ea6
Thu Apr  7 15:30:39 UTC 2022: 
 hashmap.c | 2 +-
 1 file changed, 1 insertion(+), 1 deletion(-)
In file included from test.c:4:0:
hashmap.c: In function ‘createMap’:
hashmap.c:61:59: error: expected ‘)’ before ‘;’ token
     HashMap * newMap = (HashMap *) malloc (sizeof(HashMap);
                                                           ^
hashmap.c:72:1: error: expected ‘,’ or ‘;’ before ‘}’ token
 }
 ^
test.c:453:5: error: ‘main’ is normally a non-static function [-Werror=main]
 int main( int argc, char *argv[] ) {
     ^~~~
test.c:511:1: error: expected declaration or statement at end of input
 }
 ^
In file included from test.c:4:0:
hashmap.c:61:15: error: unused variable ‘newMap’ [-Werror=unused-variable]
     HashMap * newMap = (HashMap *) malloc (sizeof(HashMap);
               ^~~~~~
test.c:511:1: error: control reaches end of non-void function [-Werror=return-type]
 }
 ^
At top level:
test.c:453:5: error: ‘main’ defined but not used [-Werror=unused-function]
 int main( int argc, char *argv[] ) {
     ^~~~
test.c:217:5: error: ‘insert_test5’ defined but not used [-Werror=unused-function]
 int insert_test5(){ //factor de carga>0.7, se llama a función enlarge
     ^~~~~~~~~~~~
test.c:131:6: error: ‘compare_test’ defined but not used [-Werror=unused-function]
 void compare_test(){
      ^~~~~~~~~~~~
test.c:125:6: error: ‘hash_test3’ defined but not used [-Werror=unused-function]
 void hash_test3(){ //no random
      ^~~~~~~~~~
test.c:111:6: error: ‘hash_test2’ defined but not used [-Werror=unused-function]
 void hash_test2(){ // colisiones
      ^~~~~~~~~~
test.c:100:6: error: ‘hash_test1’ defined but not used [-Werror=unused-function]
 void hash_test1(){ // posición válida
      ^~~~~~~~~~
cc1: all warnings being treated as errors
Compilation failed
4cdc9f0
Thu Apr  7 15:32:03 UTC 2022: 
 hashmap.c | 2 +-
 1 file changed, 1 insertion(+), 1 deletion(-)
In file included from test.c:4:0:
hashmap.c: In function ‘createMap’:
hashmap.c:61:59: error: expected ‘)’ before ‘;’ token
     HashMap * newMap = (HashMap *) malloc (sizeof(HashMap);
                                                           ^
hashmap.c:72:1: error: expected ‘,’ or ‘;’ before ‘}’ token
 }
 ^
test.c:453:5: error: ‘main’ is normally a non-static function [-Werror=main]
 int main( int argc, char *argv[] ) {
     ^~~~
test.c:511:1: error: expected declaration or statement at end of input
 }
 ^
In file included from test.c:4:0:
hashmap.c:61:15: error: unused variable ‘newMap’ [-Werror=unused-variable]
     HashMap * newMap = (HashMap *) malloc (sizeof(HashMap);
               ^~~~~~
test.c:511:1: error: control reaches end of non-void function [-Werror=return-type]
 }
 ^
At top level:
test.c:453:5: error: ‘main’ defined but not used [-Werror=unused-function]
 int main( int argc, char *argv[] ) {
     ^~~~
test.c:217:5: error: ‘insert_test5’ defined but not used [-Werror=unused-function]
 int insert_test5(){ //factor de carga>0.7, se llama a función enlarge
     ^~~~~~~~~~~~
test.c:131:6: error: ‘compare_test’ defined but not used [-Werror=unused-function]
 void compare_test(){
      ^~~~~~~~~~~~
test.c:125:6: error: ‘hash_test3’ defined but not used [-Werror=unused-function]
 void hash_test3(){ //no random
      ^~~~~~~~~~
test.c:111:6: error: ‘hash_test2’ defined but not used [-Werror=unused-function]
 void hash_test2(){ // colisiones
      ^~~~~~~~~~
test.c:100:6: error: ‘hash_test1’ defined but not used [-Werror=unused-function]
 void hash_test1(){ // posición válida
      ^~~~~~~~~~
cc1: all warnings being treated as errors
Compilation failed
b7d73c3
Thu Apr  7 15:33:30 UTC 2022: 
 hashmap.c | 7 +++++--
 1 file changed, 5 insertions(+), 2 deletions(-)
In file included from test.c:4:0:
hashmap.c: In function ‘createMap’:
hashmap.c:62:59: error: expected ‘)’ before ‘;’ token
     HashMap * newMap = (HashMap *) malloc (sizeof(HashMap);
                                                           ^
hashmap.c:75:1: error: expected ‘,’ or ‘;’ before ‘}’ token
 }
 ^
test.c:453:5: error: ‘main’ is normally a non-static function [-Werror=main]
 int main( int argc, char *argv[] ) {
     ^~~~
test.c:511:1: error: expected declaration or statement at end of input
 }
 ^
In file included from test.c:4:0:
hashmap.c:62:15: error: unused variable ‘newMap’ [-Werror=unused-variable]
     HashMap * newMap = (HashMap *) malloc (sizeof(HashMap);
               ^~~~~~
test.c:511:1: error: control reaches end of non-void function [-Werror=return-type]
 }
 ^
At top level:
test.c:453:5: error: ‘main’ defined but not used [-Werror=unused-function]
 int main( int argc, char *argv[] ) {
     ^~~~
test.c:217:5: error: ‘insert_test5’ defined but not used [-Werror=unused-function]
 int insert_test5(){ //factor de carga>0.7, se llama a función enlarge
     ^~~~~~~~~~~~
test.c:131:6: error: ‘compare_test’ defined but not used [-Werror=unused-function]
 void compare_test(){
      ^~~~~~~~~~~~
test.c:125:6: error: ‘hash_test3’ defined but not used [-Werror=unused-function]
 void hash_test3(){ //no random
      ^~~~~~~~~~
test.c:111:6: error: ‘hash_test2’ defined but not used [-Werror=unused-function]
 void hash_test2(){ // colisiones
      ^~~~~~~~~~
test.c:100:6: error: ‘hash_test1’ defined but not used [-Werror=unused-function]
 void hash_test1(){ // posición válida
      ^~~~~~~~~~
cc1: all warnings being treated as errors
Compilation failed
7d799a5
Thu Apr  7 15:34:10 UTC 2022: 
 hashmap.c | 3 ++-
 1 file changed, 2 insertions(+), 1 deletion(-)
In file included from test.c:4:0:
hashmap.c: In function ‘createMap’:
hashmap.c:62:59: error: expected ‘)’ before ‘;’ token
     HashMap * newMap = (HashMap *) malloc (sizeof(HashMap);
                                                           ^
hashmap.c:76:1: error: expected ‘,’ or ‘;’ before ‘}’ token
 }
 ^
test.c:453:5: error: ‘main’ is normally a non-static function [-Werror=main]
 int main( int argc, char *argv[] ) {
     ^~~~
test.c:511:1: error: expected declaration or statement at end of input
 }
 ^
In file included from test.c:4:0:
hashmap.c:62:15: error: unused variable ‘newMap’ [-Werror=unused-variable]
     HashMap * newMap = (HashMap *) malloc (sizeof(HashMap);
               ^~~~~~
test.c:511:1: error: control reaches end of non-void function [-Werror=return-type]
 }
 ^
At top level:
test.c:453:5: error: ‘main’ defined but not used [-Werror=unused-function]
 int main( int argc, char *argv[] ) {
     ^~~~
test.c:217:5: error: ‘insert_test5’ defined but not used [-Werror=unused-function]
 int insert_test5(){ //factor de carga>0.7, se llama a función enlarge
     ^~~~~~~~~~~~
test.c:131:6: error: ‘compare_test’ defined but not used [-Werror=unused-function]
 void compare_test(){
      ^~~~~~~~~~~~
test.c:125:6: error: ‘hash_test3’ defined but not used [-Werror=unused-function]
 void hash_test3(){ //no random
      ^~~~~~~~~~
test.c:111:6: error: ‘hash_test2’ defined but not used [-Werror=unused-function]
 void hash_test2(){ // colisiones
      ^~~~~~~~~~
test.c:100:6: error: ‘hash_test1’ defined but not used [-Werror=unused-function]
 void hash_test1(){ // posición válida
      ^~~~~~~~~~
cc1: all warnings being treated as errors
Compilation failed
2c87333
Thu Apr  7 15:34:29 UTC 2022: 
 hashmap.c | 4 ++--
 1 file changed, 2 insertions(+), 2 deletions(-)
In file included from test.c:4:0:
hashmap.c: In function ‘createMap’:
hashmap.c:62:59: error: expected ‘)’ before ‘;’ token
     HashMap * newMap = (HashMap *) malloc (sizeof(HashMap);
                                                           ^
hashmap.c:76:1: error: expected ‘,’ or ‘;’ before ‘}’ token
 }
 ^
test.c:453:5: error: ‘main’ is normally a non-static function [-Werror=main]
 int main( int argc, char *argv[] ) {
     ^~~~
test.c:511:1: error: expected declaration or statement at end of input
 }
 ^
In file included from test.c:4:0:
hashmap.c:62:15: error: unused variable ‘newMap’ [-Werror=unused-variable]
     HashMap * newMap = (HashMap *) malloc (sizeof(HashMap);
               ^~~~~~
test.c:511:1: error: control reaches end of non-void function [-Werror=return-type]
 }
 ^
At top level:
test.c:453:5: error: ‘main’ defined but not used [-Werror=unused-function]
 int main( int argc, char *argv[] ) {
     ^~~~
test.c:217:5: error: ‘insert_test5’ defined but not used [-Werror=unused-function]
 int insert_test5(){ //factor de carga>0.7, se llama a función enlarge
     ^~~~~~~~~~~~
test.c:131:6: error: ‘compare_test’ defined but not used [-Werror=unused-function]
 void compare_test(){
      ^~~~~~~~~~~~
test.c:125:6: error: ‘hash_test3’ defined but not used [-Werror=unused-function]
 void hash_test3(){ //no random
      ^~~~~~~~~~
test.c:111:6: error: ‘hash_test2’ defined but not used [-Werror=unused-function]
 void hash_test2(){ // colisiones
      ^~~~~~~~~~
test.c:100:6: error: ‘hash_test1’ defined but not used [-Werror=unused-function]
 void hash_test1(){ // posición válida
      ^~~~~~~~~~
cc1: all warnings being treated as errors
Compilation failed
a203248
Thu Apr  7 15:35:49 UTC 2022: 
 hashmap.c | 2 +-
 1 file changed, 1 insertion(+), 1 deletion(-)
In file included from test.c:4:0:
hashmap.c: In function ‘createMap’:
hashmap.c:62:59: error: expected ‘)’ before ‘;’ token
     HashMap * newMap = (HashMap *) malloc (sizeof(HashMap);
                                                           ^
hashmap.c:76:1: error: expected ‘,’ or ‘;’ before ‘}’ token
 }
 ^
test.c:453:5: error: ‘main’ is normally a non-static function [-Werror=main]
 int main( int argc, char *argv[] ) {
     ^~~~
test.c:511:1: error: expected declaration or statement at end of input
 }
 ^
In file included from test.c:4:0:
hashmap.c:62:15: error: unused variable ‘newMap’ [-Werror=unused-variable]
     HashMap * newMap = (HashMap *) malloc (sizeof(HashMap);
               ^~~~~~
test.c:511:1: error: control reaches end of non-void function [-Werror=return-type]
 }
 ^
At top level:
test.c:453:5: error: ‘main’ defined but not used [-Werror=unused-function]
 int main( int argc, char *argv[] ) {
     ^~~~
test.c:217:5: error: ‘insert_test5’ defined but not used [-Werror=unused-function]
 int insert_test5(){ //factor de carga>0.7, se llama a función enlarge
     ^~~~~~~~~~~~
test.c:131:6: error: ‘compare_test’ defined but not used [-Werror=unused-function]
 void compare_test(){
      ^~~~~~~~~~~~
test.c:125:6: error: ‘hash_test3’ defined but not used [-Werror=unused-function]
 void hash_test3(){ //no random
      ^~~~~~~~~~
test.c:111:6: error: ‘hash_test2’ defined but not used [-Werror=unused-function]
 void hash_test2(){ // colisiones
      ^~~~~~~~~~
test.c:100:6: error: ‘hash_test1’ defined but not used [-Werror=unused-function]
 void hash_test1(){ // posición válida
      ^~~~~~~~~~
cc1: all warnings being treated as errors
Compilation failed
c6676e8
Thu Apr  7 15:37:54 UTC 2022: 
 hashmap.c | 5 ++---
 1 file changed, 2 insertions(+), 3 deletions(-)
In file included from test.c:4:0:
hashmap.c: In function ‘createMap’:
hashmap.c:62:59: error: expected ‘)’ before ‘;’ token
     HashMap * newMap = (HashMap *) malloc (sizeof(HashMap);
                                                           ^
hashmap.c:75:1: error: expected ‘,’ or ‘;’ before ‘}’ token
 }
 ^
test.c:453:5: error: ‘main’ is normally a non-static function [-Werror=main]
 int main( int argc, char *argv[] ) {
     ^~~~
test.c:511:1: error: expected declaration or statement at end of input
 }
 ^
In file included from test.c:4:0:
hashmap.c:62:15: error: unused variable ‘newMap’ [-Werror=unused-variable]
     HashMap * newMap = (HashMap *) malloc (sizeof(HashMap);
               ^~~~~~
test.c:511:1: error: control reaches end of non-void function [-Werror=return-type]
 }
 ^
At top level:
test.c:453:5: error: ‘main’ defined but not used [-Werror=unused-function]
 int main( int argc, char *argv[] ) {
     ^~~~
test.c:217:5: error: ‘insert_test5’ defined but not used [-Werror=unused-function]
 int insert_test5(){ //factor de carga>0.7, se llama a función enlarge
     ^~~~~~~~~~~~
test.c:131:6: error: ‘compare_test’ defined but not used [-Werror=unused-function]
 void compare_test(){
      ^~~~~~~~~~~~
test.c:125:6: error: ‘hash_test3’ defined but not used [-Werror=unused-function]
 void hash_test3(){ //no random
      ^~~~~~~~~~
test.c:111:6: error: ‘hash_test2’ defined but not used [-Werror=unused-function]
 void hash_test2(){ // colisiones
      ^~~~~~~~~~
test.c:100:6: error: ‘hash_test1’ defined but not used [-Werror=unused-function]
 void hash_test1(){ // posición válida
      ^~~~~~~~~~
cc1: all warnings being treated as errors
Compilation failed
9327807
Thu Apr  7 15:38:49 UTC 2022: 
 hashmap.c | 3 ++-
 1 file changed, 2 insertions(+), 1 deletion(-)
In file included from test.c:4:0:
hashmap.c: In function ‘createMap’:
hashmap.c:62:59: error: expected ‘)’ before ‘;’ token
     HashMap * newMap = (HashMap *) malloc (sizeof(HashMap);
                                                           ^
hashmap.c:76:1: error: expected ‘,’ or ‘;’ before ‘}’ token
 }
 ^
test.c:453:5: error: ‘main’ is normally a non-static function [-Werror=main]
 int main( int argc, char *argv[] ) {
     ^~~~
test.c:511:1: error: expected declaration or statement at end of input
 }
 ^
In file included from test.c:4:0:
hashmap.c:62:15: error: unused variable ‘newMap’ [-Werror=unused-variable]
     HashMap * newMap = (HashMap *) malloc (sizeof(HashMap);
               ^~~~~~
test.c:511:1: error: control reaches end of non-void function [-Werror=return-type]
 }
 ^
At top level:
test.c:453:5: error: ‘main’ defined but not used [-Werror=unused-function]
 int main( int argc, char *argv[] ) {
     ^~~~
test.c:217:5: error: ‘insert_test5’ defined but not used [-Werror=unused-function]
 int insert_test5(){ //factor de carga>0.7, se llama a función enlarge
     ^~~~~~~~~~~~
test.c:131:6: error: ‘compare_test’ defined but not used [-Werror=unused-function]
 void compare_test(){
      ^~~~~~~~~~~~
test.c:125:6: error: ‘hash_test3’ defined but not used [-Werror=unused-function]
 void hash_test3(){ //no random
      ^~~~~~~~~~
test.c:111:6: error: ‘hash_test2’ defined but not used [-Werror=unused-function]
 void hash_test2(){ // colisiones
      ^~~~~~~~~~
test.c:100:6: error: ‘hash_test1’ defined but not used [-Werror=unused-function]
 void hash_test1(){ // posición válida
      ^~~~~~~~~~
cc1: all warnings being treated as errors
Compilation failed
146b951
Thu Apr  7 15:39:56 UTC 2022: 
 hashmap.c | 6 +++---
 1 file changed, 3 insertions(+), 3 deletions(-)
In file included from test.c:4:0:
hashmap.c: In function ‘createMap’:
hashmap.c:62:59: error: expected ‘)’ before ‘;’ token
     HashMap * newMap = (HashMap *) malloc (sizeof(HashMap);
                                                           ^
hashmap.c:76:1: error: expected ‘,’ or ‘;’ before ‘}’ token
 }
 ^
test.c:453:5: error: ‘main’ is normally a non-static function [-Werror=main]
 int main( int argc, char *argv[] ) {
     ^~~~
test.c:511:1: error: expected declaration or statement at end of input
 }
 ^
In file included from test.c:4:0:
hashmap.c:62:15: error: unused variable ‘newMap’ [-Werror=unused-variable]
     HashMap * newMap = (HashMap *) malloc (sizeof(HashMap);
               ^~~~~~
test.c:511:1: error: control reaches end of non-void function [-Werror=return-type]
 }
 ^
At top level:
test.c:453:5: error: ‘main’ defined but not used [-Werror=unused-function]
 int main( int argc, char *argv[] ) {
     ^~~~
test.c:217:5: error: ‘insert_test5’ defined but not used [-Werror=unused-function]
 int insert_test5(){ //factor de carga>0.7, se llama a función enlarge
     ^~~~~~~~~~~~
test.c:131:6: error: ‘compare_test’ defined but not used [-Werror=unused-function]
 void compare_test(){
      ^~~~~~~~~~~~
test.c:125:6: error: ‘hash_test3’ defined but not used [-Werror=unused-function]
 void hash_test3(){ //no random
      ^~~~~~~~~~
test.c:111:6: error: ‘hash_test2’ defined but not used [-Werror=unused-function]
 void hash_test2(){ // colisiones
      ^~~~~~~~~~
test.c:100:6: error: ‘hash_test1’ defined but not used [-Werror=unused-function]
 void hash_test1(){ // posición válida
      ^~~~~~~~~~
cc1: all warnings being treated as errors
Compilation failed
113290e
Thu Apr  7 15:41:25 UTC 2022: 
 hashmap.c | 2 +-
 1 file changed, 1 insertion(+), 1 deletion(-)
In file included from test.c:4:0:
hashmap.c: In function ‘createMap’:
hashmap.c:62:59: error: expected ‘)’ before ‘;’ token
     HashMap * newMap = (HashMap *) malloc (sizeof(HashMap);
                                                           ^
hashmap.c:76:1: error: expected ‘,’ or ‘;’ before ‘}’ token
 }
 ^
test.c:453:5: error: ‘main’ is normally a non-static function [-Werror=main]
 int main( int argc, char *argv[] ) {
     ^~~~
test.c:511:1: error: expected declaration or statement at end of input
 }
 ^
In file included from test.c:4:0:
hashmap.c:62:15: error: unused variable ‘newMap’ [-Werror=unused-variable]
     HashMap * newMap = (HashMap *) malloc (sizeof(HashMap);
               ^~~~~~
test.c:511:1: error: control reaches end of non-void function [-Werror=return-type]
 }
 ^
At top level:
test.c:453:5: error: ‘main’ defined but not used [-Werror=unused-function]
 int main( int argc, char *argv[] ) {
     ^~~~
test.c:217:5: error: ‘insert_test5’ defined but not used [-Werror=unused-function]
 int insert_test5(){ //factor de carga>0.7, se llama a función enlarge
     ^~~~~~~~~~~~
test.c:131:6: error: ‘compare_test’ defined but not used [-Werror=unused-function]
 void compare_test(){
      ^~~~~~~~~~~~
test.c:125:6: error: ‘hash_test3’ defined but not used [-Werror=unused-function]
 void hash_test3(){ //no random
      ^~~~~~~~~~
test.c:111:6: error: ‘hash_test2’ defined but not used [-Werror=unused-function]
 void hash_test2(){ // colisiones
      ^~~~~~~~~~
test.c:100:6: error: ‘hash_test1’ defined but not used [-Werror=unused-function]
 void hash_test1(){ // posición válida
      ^~~~~~~~~~
cc1: all warnings being treated as errors
Compilation failed
1384924
Thu Apr  7 15:41:44 UTC 2022: 
 hashmap.c | 2 +-
 1 file changed, 1 insertion(+), 1 deletion(-)
 tests:  2|5
total_score: 20/70
9a739fc
